<?xml version="1.0" encoding="UTF-8"?>
<!-- Generated by org.testng.reporters.JUnitReportReporter -->
<testsuite skipped="0" hostname="Admin-PC" name="Suites.Test.SanitySuite$TestBaseSetup" tests="1" failures="0" timestamp="14 Sep 2018 08:13:28 GMT" time="30.811" errors="0">
  <testcase name="initializeTestBaseSetup" time="30.811" classname="Suites.Test.SanitySuite$TestBaseSetup"/>
</testsuite> <!-- Suites.Test.SanitySuite$TestBaseSetup -->
